#
# A fatal error has been detected by the Java Runtime Environment:
#
#  SIGSEGV (0xb) at pc=0x00007f8b75ef6abe, pid=13895, tid=140236628539136
#
# JRE version: 7.0_21-b11
# Java VM: Java HotSpot(TM) 64-Bit Server VM (23.21-b01 mixed mode linux-amd64 compressed oops)
# Problematic frame:
# V  [libjvm.so+0x5d2abe]  JNIHandles::checked_resolve_jmethod_id(_jmethodID*)+0xe
#
# Failed to write core dump. Core dumps have been disabled. To enable core dumping, try "ulimit -c unlimited" before starting Java again
#
# If you would like to submit a bug report, please visit:
#   http://bugreport.sun.com/bugreport/crash.jsp
#

---------------  T H R E A D  ---------------

Current thread (0x00007f8b700f4000):  JavaThread "JDWP Transport Listener: dt_socket" daemon [_thread_in_vm, id=13910, stack(0x00007f8b625db000,0x00007f8b626dc000)]

siginfo:si_signo=SIGSEGV: si_errno=0, si_code=128 (), si_addr=0x0000000000000000

Registers:
RAX=0x0000000000000001, RBX=0x00007f8b70005d20, RCX=0x00007f8b7703e2e0, RDX=0x00007f8b766208a0
RSP=0x00007f8b626da980, RBP=0x00007f8b626da990, RSI=0x00007f8b700f4000, RDI=0x416d656c626f7250
R8 =0x0000000000000056, R9 =0x00007f8b76793630, R10=0x0000000000000000, R11=0x00007f8b767cf350
R12=0x0000000000000017, R13=0x416d656c626f7250, R14=0x00007f8b700f4000, R15=0x00007f8b626daa97
RIP=0x00007f8b75ef6abe, EFLAGS=0x0000000000010206, CSGSFS=0x0000000000000033, ERR=0x0000000000000000
  TRAPNO=0x000000000000000d

Top of Stack: (sp=0x00007f8b626da980)
0x00007f8b626da980:   0000000000000074 00007f8b70005d20
0x00007f8b626da990:   00007f8b626daa00 00007f8b75ee88ee
0x00007f8b626da9a0:   00007f8b48007420 00007f8b626da9b0
0x00007f8b626da9b0:   00007f8b700f4000 0000000000000000
0x00007f8b626da9c0:   00007f8b00000000 0000000000000000
0x00007f8b626da9d0:   00007f8b626da9f0 00007f8b74fe6e40
0x00007f8b626da9e0:   416d656c626f7250 00007f8b626daa97
0x00007f8b626da9f0:   0000000000000003 00007f8b626daa97
0x00007f8b626daa00:   00007f8b626daa30 00007f8b74dd22f2
0x00007f8b626daa10:   00007f8b626daa30 416d656c626f7250
0x00007f8b626daa20:   00007f8b626dab00 0000000000000018
0x00007f8b626daa30:   00007f8b626daac0 00007f8b74db3980
0x00007f8b626daa40:   00007f8b626daa78 00007f8b626daa70
0x00007f8b626daa50:   00007f8b626daa68 00007f8b626daa8c
0x00007f8b626daa60:   00000001480030e0 0000000000000000
0x00007f8b626daa70:   0000000000000000 0000000000000000
0x00007f8b626daa80:   00007f8b48007e10 00000001626dab00
0x00007f8b626daa90:   0000000000000005 0000000000000002
0x00007f8b626daaa0:   000000000000000f 0000000000000002
0x00007f8b626daab0:   00000000000f0200 000000000000000f
0x00007f8b626daac0:   00007f8b626dad10 00007f8b74dbe806
0x00007f8b626daad0:   0000019100000013 00007f8b750f0200
0x00007f8b626daae0:   00007f8b34000fb0 00007f8b700f4d50
0x00007f8b626daaf0:   00007f8b626dab00 00007f8b626dac90
0x00007f8b626dab00:   00007f8b626dabb6 00007f8b000000c6
0x00007f8b626dab10:   00007f8b626dab18 00007f8b00000066
0x00007f8b626dab20:   00007f8b626dab50 0000000000000000
0x00007f8b626dab30:   00007f0000000000 000001910000001c
0x00007f8b626dab40:   00007f8b0000ab80 00007f8b626dab50
0x00007f8b626dab50:   8b7f000005000000 0400000010530970
0x00007f8b626dab60:   05000000646e6966 0000004a294a4a28
0x00007f8b626dab70:   7f00000a00000000 000000903d0a708b 

Instructions: (pc=0x00007f8b75ef6abe)
0x00007f8b75ef6a9e:   00 00 4c 89 f7 e8 58 88 1f 00 e9 4f ff ff ff 90
0x00007f8b75ef6aae:   90 90 55 48 89 e5 53 48 83 ec 08 48 85 ff 74 3c
0x00007f8b75ef6abe:   48 8b 1f 48 85 db 74 34 48 b8 fe fe fe fe fe fe
0x00007f8b75ef6ace:   fe fe 48 39 c3 74 25 48 8b 05 b4 31 6f 00 80 38 

Register to memory mapping:

RAX=0x0000000000000001 is an unknown value
RBX=0x00007f8b70005d20 is an unknown value
RCX=0x00007f8b7703e2e0: <offset 0x2182e0> in /lib/x86_64-linux-gnu/libpthread.so.0 at 0x00007f8b76e26000
RDX=0x00007f8b766208a0: <offset 0xcfc8a0> in /usr/lib/jvm/java-7-oracle/jre/lib/amd64/server/libjvm.so at 0x00007f8b75924000
RSP=0x00007f8b626da980 is pointing into the stack for thread: 0x00007f8b700f4000
RBP=0x00007f8b626da990 is pointing into the stack for thread: 0x00007f8b700f4000
RSI=0x00007f8b700f4000 is a thread
RDI=0x416d656c626f7250 is an unknown value
R8 =0x0000000000000056 is an unknown value
R9 =0x00007f8b76793630: <offset 0x147630> in /lib/x86_64-linux-gnu/libc.so.6 at 0x00007f8b7664c000
R10=0x0000000000000000 is an unknown value
R11=0x00007f8b767cf350: <offset 0x183350> in /lib/x86_64-linux-gnu/libc.so.6 at 0x00007f8b7664c000
R12=0x0000000000000017 is an unknown value
R13=0x416d656c626f7250 is an unknown value
R14=0x00007f8b700f4000 is a thread
R15=0x00007f8b626daa97 is pointing into the stack for thread: 0x00007f8b700f4000


Stack: [0x00007f8b625db000,0x00007f8b626dc000],  sp=0x00007f8b626da980,  free space=1022k
Native frames: (J=compiled Java code, j=interpreted, Vv=VM code, C=native code)
V  [libjvm.so+0x5d2abe]  JNIHandles::checked_resolve_jmethod_id(_jmethodID*)+0xe
V  [libjvm.so+0x5c48ee]  jvmti_IsMethodSynthetic+0x22e
C  [libjdwp.so+0x252f2]  isMethodSynthetic+0x42
C  [libjdwp.so+0x6980]  methods1+0x1b0
C  [libjdwp.so+0x11806]  debugLoop_run+0x2b6
C  [libjdwp.so+0x2422f]  attachThread+0x2f
V  [libjvm.so+0x627487]  JvmtiAgentThread::call_start_function()+0x97
V  [libjvm.so+0x867578]  JavaThread::thread_main_inner()+0xc8
V  [libjvm.so+0x8676c8]  JavaThread::run()+0x138
V  [libjvm.so+0x749010]  java_start(Thread*)+0x100


---------------  P R O C E S S  ---------------

Java Threads: ( => current thread )
  0x00007f8b700ff000 JavaThread "Service Thread" daemon [_thread_blocked, id=13921, stack(0x00007f8b620d6000,0x00007f8b621d7000)]
  0x00007f8b700fc800 JavaThread "C2 CompilerThread1" daemon [_thread_blocked, id=13920, stack(0x00007f8b621d7000,0x00007f8b622d8000)]
  0x00007f8b700f9800 JavaThread "C2 CompilerThread0" daemon [_thread_blocked, id=13919, stack(0x00007f8b622d8000,0x00007f8b623d9000)]
  0x00007f8b48001000 JavaThread "JDWP Command Reader" daemon [_thread_in_native, id=13912, stack(0x00007f8b623d9000,0x00007f8b624da000)]
  0x00007f8b700f7800 JavaThread "JDWP Event Helper Thread" daemon [_thread_blocked, id=13911, stack(0x00007f8b624da000,0x00007f8b625db000)]
=>0x00007f8b700f4000 JavaThread "JDWP Transport Listener: dt_socket" daemon [_thread_in_vm, id=13910, stack(0x00007f8b625db000,0x00007f8b626dc000)]
  0x00007f8b700e7000 JavaThread "Signal Dispatcher" daemon [_thread_blocked, id=13908, stack(0x00007f8b628e0000,0x00007f8b629e1000)]
  0x00007f8b7009b000 JavaThread "Finalizer" daemon [_thread_blocked, id=13907, stack(0x00007f8b629e1000,0x00007f8b62ae2000)]
  0x00007f8b70098800 JavaThread "Reference Handler" daemon [_thread_blocked, id=13906, stack(0x00007f8b62ae2000,0x00007f8b62be3000)]
  0x00007f8b7000c000 JavaThread "main" [_thread_blocked, id=13900, stack(0x00007f8b77142000,0x00007f8b77243000)]

Other Threads:
  0x00007f8b70091000 VMThread [stack: 0x00007f8b62be3000,0x00007f8b62ce4000] [id=13905]
  0x00007f8b70109800 WatcherThread [stack: 0x00007f8b61fd5000,0x00007f8b620d6000] [id=13922]

VM state:not at safepoint (normal execution)

VM Mutex/Monitor currently owned by a thread: None

Heap
 PSYoungGen      total 152896K, used 5243K [0x00000007c0400000, 0x00000007caea0000, 0x0000000800000000)
  eden space 131072K, 4% used [0x00000007c0400000,0x00000007c091ec08,0x00000007c8400000)
  from space 21824K, 0% used [0x00000007c9950000,0x00000007c9950000,0x00000007caea0000)
  to   space 21824K, 0% used [0x00000007c8400000,0x00000007c8400000,0x00000007c9950000)
 ParOldGen       total 349568K, used 0K [0x0000000740c00000, 0x0000000756160000, 0x00000007c0400000)
  object space 349568K, 0% used [0x0000000740c00000,0x0000000740c00000,0x0000000756160000)
 PSPermGen       total 21248K, used 3286K [0x000000073ba00000, 0x000000073cec0000, 0x0000000740c00000)
  object space 21248K, 15% used [0x000000073ba00000,0x000000073bd35898,0x000000073cec0000)

Card table byte_map: [0x00007f8b6b836000,0x00007f8b6be5a000] byte_map_base: 0x00007f8b67e59000

Polling page: 0x00007f8b77262000

Code Cache  [0x00007f8b6be5a000, 0x00007f8b6c0ca000, 0x00007f8b6ee5a000)
 total_blobs=173 nmethods=0 adapters=149 free_code_cache=48769Kb largest_free_block=49939648

Compilation events (0 events):
No events

GC Heap History (0 events):
No events

Deoptimization events (0 events):
No events

Internal exceptions (6 events):
Event: 0.072 Thread 0x00007f8b7000c000 Threw 0x00000007c04061b0 at /HUDSON/workspace/jdk7u21-2-build-linux-amd64-product/jdk7u21/hotspot/src/share/vm/prims/jni.cpp:3994
Event: 0.444 Thread 0x00007f8b7000c000 Threw 0x00000007c0449f10 at /HUDSON/workspace/jdk7u21-2-build-linux-amd64-product/jdk7u21/hotspot/src/share/vm/prims/jvm.cpp:1166
Event: 0.480 Thread 0x00007f8b7000c000 Threw 0x00000007c0474030 at /HUDSON/workspace/jdk7u21-2-build-linux-amd64-product/jdk7u21/hotspot/src/share/vm/prims/jvm.cpp:1166
Event: 0.480 Thread 0x00007f8b7000c000 Threw 0x00000007c0474158 at /HUDSON/workspace/jdk7u21-2-build-linux-amd64-product/jdk7u21/hotspot/src/share/vm/prims/jvm.cpp:1166
Event: 0.480 Thread 0x00007f8b7000c000 Threw 0x00000007c0476398 at /HUDSON/workspace/jdk7u21-2-build-linux-amd64-product/jdk7u21/hotspot/src/share/vm/prims/jvm.cpp:1166
Event: 0.480 Thread 0x00007f8b7000c000 Threw 0x00000007c04764c0 at /HUDSON/workspace/jdk7u21-2-build-linux-amd64-product/jdk7u21/hotspot/src/share/vm/prims/jvm.cpp:1166

Events (10 events):
Event: 2976.209 Executing VM operation: GetCurrentLocation
Event: 2976.209 Executing VM operation: GetCurrentLocation done
Event: 2976.209 Executing VM operation: EnterInterpOnlyMode
Event: 2976.209 Executing VM operation: EnterInterpOnlyMode done
Event: 2976.209 Executing VM operation: ChangeSingleStep
Event: 2976.209 Executing VM operation: ChangeSingleStep done
Event: 2976.209 Executing VM operation: ChangeSingleStep
Event: 2976.209 Executing VM operation: ChangeSingleStep done
Event: 2976.270 Executing VM operation: RedefineClasses
Event: 2976.283 Executing VM operation: RedefineClasses done


Dynamic libraries:
00400000-00401000 r-xp 00000000 08:03 2703236                            /usr/lib/jvm/java-7-oracle/bin/java
00600000-00601000 rw-p 00000000 08:03 2703236                            /usr/lib/jvm/java-7-oracle/bin/java
0177c000-0179d000 rw-p 00000000 00:00 0                                  [heap]
73ba00000-73cec0000 rw-p 00000000 00:00 0 
73cec0000-740c00000 rw-p 00000000 00:00 0 
740c00000-756160000 rw-p 00000000 00:00 0 
756160000-7c0400000 rw-p 00000000 00:00 0 
7c0400000-7caea0000 rw-p 00000000 00:00 0 
7caea0000-800000000 rw-p 00000000 00:00 0 
7f8b24000000-7f8b24021000 rw-p 00000000 00:00 0 
7f8b24021000-7f8b28000000 ---p 00000000 00:00 0 
7f8b2c000000-7f8b2c021000 rw-p 00000000 00:00 0 
7f8b2c021000-7f8b30000000 ---p 00000000 00:00 0 
7f8b30000000-7f8b30021000 rw-p 00000000 00:00 0 
7f8b30021000-7f8b34000000 ---p 00000000 00:00 0 
7f8b34000000-7f8b34021000 rw-p 00000000 00:00 0 
7f8b34021000-7f8b38000000 ---p 00000000 00:00 0 
7f8b3c000000-7f8b3c021000 rw-p 00000000 00:00 0 
7f8b3c021000-7f8b40000000 ---p 00000000 00:00 0 
7f8b40000000-7f8b40021000 rw-p 00000000 00:00 0 
7f8b40021000-7f8b44000000 ---p 00000000 00:00 0 
7f8b44000000-7f8b44021000 rw-p 00000000 00:00 0 
7f8b44021000-7f8b48000000 ---p 00000000 00:00 0 
7f8b48000000-7f8b48021000 rw-p 00000000 00:00 0 
7f8b48021000-7f8b4c000000 ---p 00000000 00:00 0 
7f8b4c000000-7f8b4c021000 rw-p 00000000 00:00 0 
7f8b4c021000-7f8b50000000 ---p 00000000 00:00 0 
7f8b50000000-7f8b50021000 rw-p 00000000 00:00 0 
7f8b50021000-7f8b54000000 ---p 00000000 00:00 0 
7f8b54000000-7f8b54021000 rw-p 00000000 00:00 0 
7f8b54021000-7f8b58000000 ---p 00000000 00:00 0 
7f8b58000000-7f8b58021000 rw-p 00000000 00:00 0 
7f8b58021000-7f8b5c000000 ---p 00000000 00:00 0 
7f8b5c000000-7f8b5c021000 rw-p 00000000 00:00 0 
7f8b5c021000-7f8b60000000 ---p 00000000 00:00 0 
7f8b61985000-7f8b61b7d000 rw-p 00000000 00:00 0 
7f8b61b7d000-7f8b61b8d000 r-xp 00000000 08:03 2703130                    /usr/lib/jvm/java-7-oracle/jre/lib/amd64/libnio.so
7f8b61b8d000-7f8b61d8d000 ---p 00010000 08:03 2703130                    /usr/lib/jvm/java-7-oracle/jre/lib/amd64/libnio.so
7f8b61d8d000-7f8b61d8e000 rw-p 00010000 08:03 2703130                    /usr/lib/jvm/java-7-oracle/jre/lib/amd64/libnio.so
7f8b61d8e000-7f8b61dbf000 rw-p 00000000 00:00 0 
7f8b61dbf000-7f8b61dd4000 r-xp 00000000 08:03 2703156                    /usr/lib/jvm/java-7-oracle/jre/lib/amd64/libnet.so
7f8b61dd4000-7f8b61fd4000 ---p 00015000 08:03 2703156                    /usr/lib/jvm/java-7-oracle/jre/lib/amd64/libnet.so
7f8b61fd4000-7f8b61fd5000 rw-p 00015000 08:03 2703156                    /usr/lib/jvm/java-7-oracle/jre/lib/amd64/libnet.so
7f8b61fd5000-7f8b61fd6000 ---p 00000000 00:00 0 
7f8b61fd6000-7f8b620d6000 rw-p 00000000 00:00 0                          [stack:13922]
7f8b620d6000-7f8b620d9000 ---p 00000000 00:00 0 
7f8b620d9000-7f8b621d7000 rw-p 00000000 00:00 0                          [stack:13921]
7f8b621d7000-7f8b621da000 ---p 00000000 00:00 0 
7f8b621da000-7f8b622d8000 rw-p 00000000 00:00 0                          [stack:13920]
7f8b622d8000-7f8b622db000 ---p 00000000 00:00 0 
7f8b622db000-7f8b623d9000 rw-p 00000000 00:00 0                          [stack:13919]
7f8b623d9000-7f8b623dc000 ---p 00000000 00:00 0 
7f8b623dc000-7f8b624da000 rw-p 00000000 00:00 0                          [stack:13912]
7f8b624da000-7f8b624dd000 ---p 00000000 00:00 0 
7f8b624dd000-7f8b625db000 rw-p 00000000 00:00 0                          [stack:13911]
7f8b625db000-7f8b625de000 ---p 00000000 00:00 0 
7f8b625de000-7f8b626dc000 rw-p 00000000 00:00 0                          [stack:13910]
7f8b626dc000-7f8b626e0000 r-xp 00000000 08:03 2703186                    /usr/lib/jvm/java-7-oracle/jre/lib/amd64/libdt_socket.so
7f8b626e0000-7f8b628df000 ---p 00004000 08:03 2703186                    /usr/lib/jvm/java-7-oracle/jre/lib/amd64/libdt_socket.so
7f8b628df000-7f8b628e0000 rw-p 00003000 08:03 2703186                    /usr/lib/jvm/java-7-oracle/jre/lib/amd64/libdt_socket.so
7f8b628e0000-7f8b628e3000 ---p 00000000 00:00 0 
7f8b628e3000-7f8b629e1000 rw-p 00000000 00:00 0                          [stack:13908]
7f8b629e1000-7f8b629e4000 ---p 00000000 00:00 0 
7f8b629e4000-7f8b62ae2000 rw-p 00000000 00:00 0                          [stack:13907]
7f8b62ae2000-7f8b62ae5000 ---p 00000000 00:00 0 
7f8b62ae5000-7f8b62be3000 rw-p 00000000 00:00 0                          [stack:13906]
7f8b62be3000-7f8b62be4000 ---p 00000000 00:00 0 
7f8b62be4000-7f8b636c0000 rw-p 00000000 00:00 0                          [stack:13905]
7f8b636c0000-7f8b6387d000 r--s 039de000 08:03 2703058                    /usr/lib/jvm/java-7-oracle/jre/lib/rt.jar
7f8b6387d000-7f8b6b339000 rw-p 00000000 00:00 0 
7f8b6b339000-7f8b6b33a000 ---p 00000000 00:00 0 
7f8b6b33a000-7f8b6b4e5000 rw-p 00000000 00:00 0                          [stack:13904]
7f8b6b4e5000-7f8b6b836000 rw-p 00000000 00:00 0 
7f8b6b836000-7f8b6b841000 rw-p 00000000 00:00 0 
7f8b6b841000-7f8b6b85f000 rw-p 00000000 00:00 0 
7f8b6b85f000-7f8b6b90a000 rw-p 00000000 00:00 0 
7f8b6b90a000-7f8b6bc5b000 rw-p 00000000 00:00 0 
7f8b6bc5b000-7f8b6bcb1000 rw-p 00000000 00:00 0 
7f8b6bcb1000-7f8b6be59000 rw-p 00000000 00:00 0 
7f8b6be59000-7f8b6be5a000 rw-p 00000000 00:00 0 
7f8b6be5a000-7f8b6c0ca000 rwxp 00000000 00:00 0 
7f8b6c0ca000-7f8b6ee5a000 rw-p 00000000 00:00 0 
7f8b6ee5a000-7f8b70000000 r--p 00000000 08:03 2624107                    /usr/lib/locale/locale-archive
7f8b70000000-7f8b70159000 rw-p 00000000 00:00 0 
7f8b70159000-7f8b74000000 ---p 00000000 00:00 0 
7f8b74001000-7f8b74029000 rw-p 00000000 00:00 0 
7f8b74029000-7f8b7402a000 ---p 00000000 00:00 0 
7f8b7402a000-7f8b74135000 rw-p 00000000 00:00 0                          [stack:13903]
7f8b74135000-7f8b74153000 rw-p 00000000 00:00 0 
7f8b74153000-7f8b7416d000 r-xp 00000000 08:03 2703161                    /usr/lib/jvm/java-7-oracle/jre/lib/amd64/libzip.so
7f8b7416d000-7f8b7436d000 ---p 0001a000 08:03 2703161                    /usr/lib/jvm/java-7-oracle/jre/lib/amd64/libzip.so
7f8b7436d000-7f8b7436e000 rw-p 0001a000 08:03 2703161                    /usr/lib/jvm/java-7-oracle/jre/lib/amd64/libzip.so
7f8b7436e000-7f8b7437a000 r-xp 00000000 08:03 4349918                    /lib/x86_64-linux-gnu/libnss_files-2.15.so
7f8b7437a000-7f8b74579000 ---p 0000c000 08:03 4349918                    /lib/x86_64-linux-gnu/libnss_files-2.15.so
7f8b74579000-7f8b7457a000 r--p 0000b000 08:03 4349918                    /lib/x86_64-linux-gnu/libnss_files-2.15.so
7f8b7457a000-7f8b7457b000 rw-p 0000c000 08:03 4349918                    /lib/x86_64-linux-gnu/libnss_files-2.15.so
7f8b7457b000-7f8b74585000 r-xp 00000000 08:03 4330505                    /lib/x86_64-linux-gnu/libnss_nis-2.15.so
7f8b74585000-7f8b74785000 ---p 0000a000 08:03 4330505                    /lib/x86_64-linux-gnu/libnss_nis-2.15.so
7f8b74785000-7f8b74786000 r--p 0000a000 08:03 4330505                    /lib/x86_64-linux-gnu/libnss_nis-2.15.so
7f8b74786000-7f8b74787000 rw-p 0000b000 08:03 4330505                    /lib/x86_64-linux-gnu/libnss_nis-2.15.so
7f8b74787000-7f8b7479e000 r-xp 00000000 08:03 4350893                    /lib/x86_64-linux-gnu/libnsl-2.15.so
7f8b7479e000-7f8b7499d000 ---p 00017000 08:03 4350893                    /lib/x86_64-linux-gnu/libnsl-2.15.so
7f8b7499d000-7f8b7499e000 r--p 00016000 08:03 4350893                    /lib/x86_64-linux-gnu/libnsl-2.15.so
7f8b7499e000-7f8b7499f000 rw-p 00017000 08:03 4350893                    /lib/x86_64-linux-gnu/libnsl-2.15.so
7f8b7499f000-7f8b749a1000 rw-p 00000000 00:00 0 
7f8b749a1000-7f8b749a9000 r-xp 00000000 08:03 4350901                    /lib/x86_64-linux-gnu/libnss_compat-2.15.so
7f8b749a9000-7f8b74ba8000 ---p 00008000 08:03 4350901                    /lib/x86_64-linux-gnu/libnss_compat-2.15.so
7f8b74ba8000-7f8b74ba9000 r--p 00007000 08:03 4350901                    /lib/x86_64-linux-gnu/libnss_compat-2.15.so
7f8b74ba9000-7f8b74baa000 rw-p 00008000 08:03 4350901                    /lib/x86_64-linux-gnu/libnss_compat-2.15.so
7f8b74baa000-7f8b74bad000 r-xp 00000000 08:03 2703178                    /usr/lib/jvm/java-7-oracle/jre/lib/amd64/libnpt.so
7f8b74bad000-7f8b74dac000 ---p 00003000 08:03 2703178                    /usr/lib/jvm/java-7-oracle/jre/lib/amd64/libnpt.so
7f8b74dac000-7f8b74dad000 rw-p 00002000 08:03 2703178                    /usr/lib/jvm/java-7-oracle/jre/lib/amd64/libnpt.so
7f8b74dad000-7f8b74de6000 r-xp 00000000 08:03 2703148                    /usr/lib/jvm/java-7-oracle/jre/lib/amd64/libjdwp.so
7f8b74de6000-7f8b74fe5000 ---p 00039000 08:03 2703148                    /usr/lib/jvm/java-7-oracle/jre/lib/amd64/libjdwp.so
7f8b74fe5000-7f8b74fe7000 rw-p 00038000 08:03 2703148                    /usr/lib/jvm/java-7-oracle/jre/lib/amd64/libjdwp.so
7f8b74fe7000-7f8b75010000 r-xp 00000000 08:03 2703158                    /usr/lib/jvm/java-7-oracle/jre/lib/amd64/libjava.so
7f8b75010000-7f8b75210000 ---p 00029000 08:03 2703158                    /usr/lib/jvm/java-7-oracle/jre/lib/amd64/libjava.so
7f8b75210000-7f8b75212000 rw-p 00029000 08:03 2703158                    /usr/lib/jvm/java-7-oracle/jre/lib/amd64/libjava.so
7f8b75212000-7f8b7521f000 r-xp 00000000 08:03 2703168                    /usr/lib/jvm/java-7-oracle/jre/lib/amd64/libverify.so
7f8b7521f000-7f8b7541e000 ---p 0000d000 08:03 2703168                    /usr/lib/jvm/java-7-oracle/jre/lib/amd64/libverify.so
7f8b7541e000-7f8b75420000 rw-p 0000c000 08:03 2703168                    /usr/lib/jvm/java-7-oracle/jre/lib/amd64/libverify.so
7f8b75420000-7f8b75427000 r-xp 00000000 08:03 4349929                    /lib/x86_64-linux-gnu/librt-2.15.so
7f8b75427000-7f8b75626000 ---p 00007000 08:03 4349929                    /lib/x86_64-linux-gnu/librt-2.15.so
7f8b75626000-7f8b75627000 r--p 00006000 08:03 4349929                    /lib/x86_64-linux-gnu/librt-2.15.so
7f8b75627000-7f8b75628000 rw-p 00007000 08:03 4349929                    /lib/x86_64-linux-gnu/librt-2.15.so
7f8b75628000-7f8b75723000 r-xp 00000000 08:03 4350894                    /lib/x86_64-linux-gnu/libm-2.15.so
7f8b75723000-7f8b75922000 ---p 000fb000 08:03 4350894                    /lib/x86_64-linux-gnu/libm-2.15.so
7f8b75922000-7f8b75923000 r--p 000fa000 08:03 4350894                    /lib/x86_64-linux-gnu/libm-2.15.so
7f8b75923000-7f8b75924000 rw-p 000fb000 08:03 4350894                    /lib/x86_64-linux-gnu/libm-2.15.so
7f8b75924000-7f8b7636e000 r-xp 00000000 08:03 2703181                    /usr/lib/jvm/java-7-oracle/jre/lib/amd64/server/libjvm.so
7f8b7636e000-7f8b7656d000 ---p 00a4a000 08:03 2703181                    /usr/lib/jvm/java-7-oracle/jre/lib/amd64/server/libjvm.so
7f8b7656d000-7f8b76611000 rw-p 00a49000 08:03 2703181                    /usr/lib/jvm/java-7-oracle/jre/lib/amd64/server/libjvm.so
7f8b76611000-7f8b7664c000 rw-p 00000000 00:00 0 
7f8b7664c000-7f8b76801000 r-xp 00000000 08:03 4350902                    /lib/x86_64-linux-gnu/libc-2.15.so
7f8b76801000-7f8b76a00000 ---p 001b5000 08:03 4350902                    /lib/x86_64-linux-gnu/libc-2.15.so
7f8b76a00000-7f8b76a04000 r--p 001b4000 08:03 4350902                    /lib/x86_64-linux-gnu/libc-2.15.so
7f8b76a04000-7f8b76a06000 rw-p 001b8000 08:03 4350902                    /lib/x86_64-linux-gnu/libc-2.15.so
7f8b76a06000-7f8b76a0b000 rw-p 00000000 00:00 0 
7f8b76a0b000-7f8b76a0d000 r-xp 00000000 08:03 4350900                    /lib/x86_64-linux-gnu/libdl-2.15.so
7f8b76a0d000-7f8b76c0d000 ---p 00002000 08:03 4350900                    /lib/x86_64-linux-gnu/libdl-2.15.so
7f8b76c0d000-7f8b76c0e000 r--p 00002000 08:03 4350900                    /lib/x86_64-linux-gnu/libdl-2.15.so
7f8b76c0e000-7f8b76c0f000 rw-p 00003000 08:03 4350900                    /lib/x86_64-linux-gnu/libdl-2.15.so
7f8b76c0f000-7f8b76c25000 r-xp 00000000 08:03 2703173                    /usr/lib/jvm/java-7-oracle/jre/lib/amd64/jli/libjli.so
7f8b76c25000-7f8b76e25000 ---p 00016000 08:03 2703173                    /usr/lib/jvm/java-7-oracle/jre/lib/amd64/jli/libjli.so
7f8b76e25000-7f8b76e26000 rw-p 00016000 08:03 2703173                    /usr/lib/jvm/java-7-oracle/jre/lib/amd64/jli/libjli.so
7f8b76e26000-7f8b76e3e000 r-xp 00000000 08:03 4331381                    /lib/x86_64-linux-gnu/libpthread-2.15.so
7f8b76e3e000-7f8b7703d000 ---p 00018000 08:03 4331381                    /lib/x86_64-linux-gnu/libpthread-2.15.so
7f8b7703d000-7f8b7703e000 r--p 00017000 08:03 4331381                    /lib/x86_64-linux-gnu/libpthread-2.15.so
7f8b7703e000-7f8b7703f000 rw-p 00018000 08:03 4331381                    /lib/x86_64-linux-gnu/libpthread-2.15.so
7f8b7703f000-7f8b77043000 rw-p 00000000 00:00 0 
7f8b77043000-7f8b77065000 r-xp 00000000 08:03 4349937                    /lib/x86_64-linux-gnu/ld-2.15.so
7f8b77082000-7f8b7708c000 rw-p 00000000 00:00 0 
7f8b7708c000-7f8b77142000 rw-p 00000000 00:00 0 
7f8b77142000-7f8b77145000 ---p 00000000 00:00 0 
7f8b77145000-7f8b77247000 rw-p 00000000 00:00 0                          [stack:13900]
7f8b77257000-7f8b77259000 rw-p 00000000 00:00 0 
7f8b77259000-7f8b77261000 rw-s 00000000 08:03 4069194                    /tmp/hsperfdata_ilija/13895
7f8b77261000-7f8b77262000 rw-p 00000000 00:00 0 
7f8b77262000-7f8b77263000 r--p 00000000 00:00 0 
7f8b77263000-7f8b77265000 rw-p 00000000 00:00 0 
7f8b77265000-7f8b77266000 r--p 00022000 08:03 4349937                    /lib/x86_64-linux-gnu/ld-2.15.so
7f8b77266000-7f8b77268000 rw-p 00023000 08:03 4349937                    /lib/x86_64-linux-gnu/ld-2.15.so
7fff5927b000-7fff5929c000 rw-p 00000000 00:00 0                          [stack]
7fff593c4000-7fff593c5000 r-xp 00000000 00:00 0                          [vdso]
ffffffffff600000-ffffffffff601000 r-xp 00000000 00:00 0                  [vsyscall]

VM Arguments:
jvm_args: -agentlib:jdwp=transport=dt_socket,suspend=y,address=localhost:51505 -Xms512m -Xmx3060m -Xss1m -Dfile.encoding=UTF-8 
java_command: my.codejam.y13.round1a.ProblemA
Launcher Type: SUN_STANDARD

Environment Variables:
PATH=/home/ilija/bin/Sencha/Cmd/3.1.0.256:/home/ilija/bin:/usr/lib/lightdm/lightdm:/usr/local/sbin:/usr/local/bin:/usr/sbin:/usr/bin:/sbin:/bin:/usr/games:/usr/local/games
SHELL=/bin/bash
DISPLAY=:0

Signal Handlers:
SIGSEGV: [libjvm.so+0x8a80e0], sa_mask[0]=0x7ffbfeff, sa_flags=0x10000004
SIGBUS: [libjvm.so+0x8a80e0], sa_mask[0]=0x7ffbfeff, sa_flags=0x10000004
SIGFPE: [libjvm.so+0x744170], sa_mask[0]=0x7ffbfeff, sa_flags=0x10000004
SIGPIPE: [libjvm.so+0x744170], sa_mask[0]=0x7ffbfeff, sa_flags=0x10000004
SIGXFSZ: [libjvm.so+0x744170], sa_mask[0]=0x7ffbfeff, sa_flags=0x10000004
SIGILL: [libjvm.so+0x744170], sa_mask[0]=0x7ffbfeff, sa_flags=0x10000004
SIGUSR1: SIG_DFL, sa_mask[0]=0x00000000, sa_flags=0x00000000
SIGUSR2: [libjvm.so+0x743ac0], sa_mask[0]=0x00000004, sa_flags=0x10000004
SIGHUP: [libjvm.so+0x745e50], sa_mask[0]=0x7ffbfeff, sa_flags=0x10000004
SIGINT: [libjvm.so+0x745e50], sa_mask[0]=0x7ffbfeff, sa_flags=0x10000004
SIGTERM: [libjvm.so+0x745e50], sa_mask[0]=0x7ffbfeff, sa_flags=0x10000004
SIGQUIT: [libjvm.so+0x745e50], sa_mask[0]=0x7ffbfeff, sa_flags=0x10000004


---------------  S Y S T E M  ---------------

OS:wheezy/sid

uname:Linux 3.5.0-27-generic #46-Ubuntu SMP Mon Mar 25 19:58:17 UTC 2013 x86_64
libc:glibc 2.15 NPTL 2.15 
rlimit: STACK 8192k, CORE 0k, NPROC 31488, NOFILE 4096, AS infinity
load average:0.27 0.34 0.33

/proc/meminfo:
MemTotal:        4048984 kB
MemFree:          119072 kB
Buffers:           29152 kB
Cached:           627728 kB
SwapCached:        29992 kB
Active:          2610788 kB
Inactive:        1065544 kB
Active(anon):    2296236 kB
Inactive(anon):   755476 kB
Active(file):     314552 kB
Inactive(file):   310068 kB
Unevictable:       31280 kB
Mlocked:           31280 kB
SwapTotal:       3904508 kB
SwapFree:        3675792 kB
Dirty:               228 kB
Writeback:             0 kB
AnonPages:       3040428 kB
Mapped:           165592 kB
Shmem:             26248 kB
Slab:              93064 kB
SReclaimable:      62024 kB
SUnreclaim:        31040 kB
KernelStack:        4832 kB
PageTables:        44548 kB
NFS_Unstable:          0 kB
Bounce:                0 kB
WritebackTmp:          0 kB
CommitLimit:     5929000 kB
Committed_AS:    8521640 kB
VmallocTotal:   34359738367 kB
VmallocUsed:      316824 kB
VmallocChunk:   34359409660 kB
HardwareCorrupted:     0 kB
AnonHugePages:         0 kB
HugePages_Total:       0
HugePages_Free:        0
HugePages_Rsvd:        0
HugePages_Surp:        0
Hugepagesize:       2048 kB
DirectMap4k:     3999232 kB
DirectMap2M:      194560 kB


CPU:total 2 (2 cores per cpu, 1 threads per core) family 6 model 15 stepping 11, cmov, cx8, fxsr, mmx, sse, sse2, sse3, ssse3, tsc

/proc/cpuinfo:
processor	: 0
vendor_id	: GenuineIntel
cpu family	: 6
model		: 15
model name	: Intel(R) Core(TM)2 Duo CPU     E6550  @ 2.33GHz
stepping	: 11
microcode	: 0xb6
cpu MHz		: 2331.000
cache size	: 4096 KB
physical id	: 0
siblings	: 2
core id		: 0
cpu cores	: 2
apicid		: 0
initial apicid	: 0
fpu		: yes
fpu_exception	: yes
cpuid level	: 10
wp		: yes
flags		: fpu vme de pse tsc msr pae mce cx8 apic sep mtrr pge mca cmov pat pse36 clflush dts acpi mmx fxsr sse sse2 ss ht tm pbe syscall nx lm constant_tsc arch_perfmon pebs bts rep_good nopl aperfmperf pni dtes64 monitor ds_cpl vmx smx est tm2 ssse3 cx16 xtpr pdcm lahf_lm dtherm tpr_shadow vnmi flexpriority
bogomips	: 4675.24
clflush size	: 64
cache_alignment	: 64
address sizes	: 36 bits physical, 48 bits virtual
power management:

processor	: 1
vendor_id	: GenuineIntel
cpu family	: 6
model		: 15
model name	: Intel(R) Core(TM)2 Duo CPU     E6550  @ 2.33GHz
stepping	: 11
microcode	: 0xb6
cpu MHz		: 2331.000
cache size	: 4096 KB
physical id	: 0
siblings	: 2
core id		: 1
cpu cores	: 2
apicid		: 1
initial apicid	: 1
fpu		: yes
fpu_exception	: yes
cpuid level	: 10
wp		: yes
flags		: fpu vme de pse tsc msr pae mce cx8 apic sep mtrr pge mca cmov pat pse36 clflush dts acpi mmx fxsr sse sse2 ss ht tm pbe syscall nx lm constant_tsc arch_perfmon pebs bts rep_good nopl aperfmperf pni dtes64 monitor ds_cpl vmx smx est tm2 ssse3 cx16 xtpr pdcm lahf_lm dtherm tpr_shadow vnmi flexpriority
bogomips	: 4675.24
clflush size	: 64
cache_alignment	: 64
address sizes	: 36 bits physical, 48 bits virtual
power management:



Memory: 4k page, physical 4048984k(119072k free), swap 3904508k(3675792k free)

vm_info: Java HotSpot(TM) 64-Bit Server VM (23.21-b01) for linux-amd64 JRE (1.7.0_21-b11), built on Apr  4 2013 04:03:29 by "java_re" with gcc 4.3.0 20080428 (Red Hat 4.3.0-8)

time: Sat Apr 27 04:02:03 2013
elapsed time: 2976 seconds

