Case #1: 
0.5
0.5
0.5

Case #2: 
0.6458333333333333
0.3680555555555555
0.6041666666666666
0.3958333333333333

Case #3: 
0.26388888888888884
0.40364583333333337
0.3885416666666667
0.5027777777777778
0.16666666666666666
0.7777777777777778
0.21249999999999997
0.4975694444444444
0.6145833333333333
0.41041666666666665
0.4629629629629629
0.5947916666666666
0.4375
0.5631944444444444
0.5958333333333332
0.4392361111111111
0.7074074074074075
0.4629629629629629
0.41180555555555554
0.5604166666666666
0.6154513888888888
0.4354166666666666
0.6715277777777777
0.3104166666666667
0.517361111111111
0.6302083333333333
0.47916666666666663
0.3645833333333333
0.6496527777777777
0.4902777777777778
0.4976851851851851
0.3760416666666666
0.6354166666666666
0.579861111111111

Case #4: 
0.41581839346735083
0.5564338506118268
0.4902851924498324
0.4803213611591658
0.48851807480677506
0.4868527585644638
0.5240702848995298
0.5283308907044054
0.4909734737209026
0.5864948240276069
0.488461051333108
0.5431169773048734
0.517174782060062
0.5136488767046928
0.41953524893335925
0.45653104264036787
0.5420327488850881
0.5673522295235987
0.48019939951841684
0.5200175294572529
0.48932731196058654
0.5404869834532089
0.4939683240508793
0.4478778333550119
0.5239618064380598
0.5053991003975642
0.40745258010268554
0.4601228308767046
0.54326224506883
0.6016241606202568
0.4728104302624729
0.4993707142736692
0.5547267003287855
0.5098513309862522
0.4879095202085016
0.5070626216729939
0.5726355906667833
0.4855120606651938
0.554357357498811
0.4628122284187182
0.45993809269252317
0.3853084758440538
0.42510620133722254
0.471809244089726
0.4905568967983239
0.5591352045069808
0.47907397688839426
0.5390447324130352
0.4845106354397979
0.4892081326784168
0.42596815879257355
0.5030024674293765
0.5418866390642958
0.5166654584693559
0.5680754923306467
0.4977589873855086
0.42041888941272365
0.5351608344346299
0.45819520380977047
0.5242787629035243
0.5484305424298184
0.4129754901743674
0.567401738011335
0.537627178576125
0.46758163855787127
0.5043371891792618
0.5504101593950029
0.5037716681542784
0.48695120458630997
0.48630600539364716
0.4932166676599179
0.4537500290996668
0.44970102618676094
0.5054496361646055
0.47718211097531255
0.4897748919978641
0.5731002021349441
0.534453739431819
0.4534040517071882
0.4616027152364375
0.5289028478904477
0.5083795765419095
0.5148480455425575
0.4759549564965798
0.44948854000620486
0.5593259499547436
0.5228296964903538
0.5414001395107447
0.5492761178952142
0.5507135053530764
0.4689757753933921
0.5197720291320689
0.41753386483378957
0.46448758022449027

Case #5: 
0.6061720965622481
0.4790495926016536
0.5359374545658716
0.5172657840039995
0.4045445244303417
0.5669876986517348
0.5293376104776567
0.572481081419929
0.4405755069559305
0.5452439188550994
0.5742454087755993
0.5355873870097356
0.5693883131331479
0.49496303503823236
0.38197437039713356
0.465336766408195
0.4976836596583747
0.5114534063557956
0.36320797952047956
0.4836033536532848
0.44931575199276247
0.3948347844851342
0.419368940525664
0.43793425193807217
0.5223515889545982
0.5616173123286322
0.46470988537276414
0.5089394920651543
0.5432867392583688
0.513808605627516
0.3795100662524905
0.5478031424108785
0.6075151950672784
0.45708287363590394
0.47192921128017273
0.5437282059998406
0.48969872694941907

Case #6: 
0.5186755952380953
0.4055555555555555
0.47757936507936505
0.6309027777777778
0.6368489583333333
0.2612847222222222
0.5475992063492064
0.3508630952380952
0.4786830357142857
0.3673611111111111
0.5434895833333333
0.5720734126984126
0.4052517361111111
0.550451388888889
0.651469494047619
0.4898726851851851
0.4901041666666667
0.5540922619047619
0.36354166666666665

Case #7: 
0.44024496488351816
0.5959269185913447
0.4970003938281501
0.4992296427886185
0.5422280287986009
0.49657452848335404
0.46753896039638787
0.4676988715571724
0.44217911901749585
0.405304190548914
0.5621653288078086
0.40203920650951197
0.4513749352364279
0.5482506146028067
0.5136971537230764
0.5970348101374497
0.5369620475077033
0.5115450968774364
0.5210569326911988
0.5697507405858581
0.4822300302525999
0.46284033535056823
0.5307317416163558
0.5321997233790495
0.4665392463987523
0.5118168714533797
0.4719293684892954
0.5368323482879105
0.5359908237219074
0.37894378965343084

Case #8: 
0.625
0.6224747474747475
0.619949494949495
0.6174242424242424
0.61489898989899
0.6123737373737375
0.6098484848484849
0.6073232323232324
0.6047979797979798
0.6022727272727273
0.5997474747474748
0.5972222222222222
0.5946969696969697
0.5921717171717171
0.5896464646464646
0.5871212121212122
0.5845959595959596
0.5820707070707071
0.5795454545454546
0.577020202020202
0.5744949494949495
0.571969696969697
0.5694444444444444
0.5669191919191919
0.5643939393939394
0.5618686868686869
0.5593434343434344
0.5568181818181819
0.5542929292929293
0.5517676767676768
0.5492424242424243
0.5467171717171717
0.5441919191919192
0.5416666666666667
0.5391414141414141
0.5366161616161617
0.5340909090909092
0.5315656565656566
0.5290404040404041
0.5265151515151515
0.523989898989899
0.5214646464646464
0.5189393939393939
0.5164141414141414
0.5138888888888888
0.5113636363636364
0.5088383838383839
0.5063131313131313
0.5037878787878788
0.5012626262626263
0.49873737373737376
0.4962121212121212
0.49368686868686873
0.4911616161616162
0.48863636363636365
0.4861111111111111
0.48358585858585856
0.4810606060606061
0.47853535353535354
0.476010101010101
0.4734848484848485
0.47095959595959597
0.4684343434343434
0.46590909090909094
0.4633838383838384
0.46085858585858586
0.45833333333333337
0.45580808080808083
0.4532828282828283
0.45075757575757575
0.4482323232323232
0.4457070707070707
0.4431818181818182
0.44065656565656564
0.43813131313131315
0.4356060606060606
0.43308080808080807
0.4305555555555556
0.42803030303030304
0.4255050505050505
0.422979797979798
0.42045454545454547
0.41792929292929293
0.4154040404040404
0.4128787878787879
0.41035353535353536
0.4078282828282828
0.4053030303030303
0.4027777777777778
0.40025252525252525
0.3977272727272727
0.3952020202020202
0.3926767676767677
0.39015151515151514
0.38762626262626265
0.3851010101010101
0.38257575757575757
0.380050505050505
0.37752525252525254
0.375

Case #9: 
0.5151589816325532
0.4813662798447338
0.5476373248472161
0.4015179962868666
0.3998391597993718
0.5077038300219157
0.5036296750465719
0.4859433299039778
0.48869473779267825
0.5504205853222333
0.4897168825009659
0.5597435720569086
0.5383035686069764
0.4128584800845064
0.5716494469716629
0.5182077980508324
0.4041052583619431
0.496870282968061
0.497318873263512
0.49377580049264463
0.5438475605660055
0.5035688201107068
0.46979961431610573
0.4948570760107631
0.5108691297630756
0.4914971356147365
0.5162381738265499
0.5371007876506081
0.5322282014431995
0.47332663625183546
0.5036447184268849
0.5545441763404874
0.5051091289084196
0.5088683935057525
0.5337343021031812
0.5420304380252104
0.5010314461828567
0.5385085811223365
0.503995759290144
0.512481720081047
0.49714132083855134
0.3836451386185178
0.4917460675039834
0.48772741127371844
0.49033086733401016
0.46146697144895765
0.5242501831735752
0.5184041381415426
0.560250312608192
0.4118523187726523
0.5044279190977023
0.5433449505740074
0.4573512568727599
0.5072225827089192
0.4714934577445134
0.5054042922243528
0.49422642257420246
0.5522238677578037
0.42383004009007974
0.5567846924595332
0.5476577344302052
0.4150530578984421
0.4595115501916247
0.5429069538214095
0.4063559567589424
0.5080308917746852
0.5444235749783979
0.5301075386347657
0.5609585345936468
0.5641722443904241
0.5103738609530969
0.5251093907732971
0.5567331206203981
0.5609999183602403
0.563593492352343
0.42458501046434954
0.47368425649926216
0.4902067074727453
0.5451539644336747
0.490919443660581
0.5126463155240921
0.42716417732923667
0.5302683404772462
0.4107440139124868
0.4546079872142641
0.4302061097776943
0.46794707614785713
0.5458100240889172
0.5286583686384332
0.41635695405211787
0.5521409608968838
0.5397667918920221
0.5240282179748295
0.5312158510555252
0.39249007843888745
0.5276913934385956
0.5019646945723092
0.4674569167957885
0.5133624664149542
0.5284282849073073

Case #10: 
0.5304641442078311
0.4876896426891166
0.472958152958153
0.4409000292036006
0.5222452134530733
0.7027177998418528
0.5254151362105908
0.5297076100106404
0.49422858535653147
0.6040897578326556
0.40318638620603586
0.3996546372009335
0.38920450370103143
0.5259856529991473
0.4819043732175045
0.48365754380221965
0.5271085425867622

Case #11: 
0.5120925392949203
0.43102816358024687
0.3483377862461857
0.5892827253764753
0.5353678812919884
0.35436794007726546
0.48732356157951395
0.5163149171705719
0.4974711199294533
0.4811161052596237
0.5348809523809523
0.4727823739449484
0.48371290024398483
0.4948946391828336
0.5063960537918871
0.46854395604395593
0.5445923091458805
0.4762649142634262
0.4271497071050642
0.4855871546149324
0.5917269721019721
0.3861081585411943
0.47912472675307494
0.5350176979227905
0.38731692532712936
0.5835846995817233
0.4634789862914863
0.4975057574228492
0.5621442064084259
0.4541397893332417
0.5905493233618234
0.5714217552974167
0.5626648040168447
0.3083538116425021
0.6294266745159602
0.6674019322828846
0.440262818090199
0.5960171997039556

Case #12: 
0.5107195041740507
0.5162026214823086
0.505342194329773
0.5193906968502089
0.4362630986478262
0.5418472960264691
0.47207129256191793
0.5598404537240879
0.4903432936548674
0.4944242237345201
0.5083035583157206
0.557973806169248
0.46529976985125754
0.44980368176750973
0.46826686929386313
0.5371615388618975
0.541273600570394
0.4841540316884346
0.533057592419328
0.5119655986900418
0.5123465738676456
0.44888057004396176
0.4805649923171348
0.5131639154301977
0.5303680814070033
0.559182351798269
0.5320172676672956
0.4694262669442876
0.5473828646420231
0.40492851852443235
0.3832482870701531
0.46666218479281923
0.4395622306438291
0.43801548999800666
0.5557998068953647
0.5248316120471324
0.5576539960705988
0.5275251632068036
0.5163869203557352
0.4542821769587948
0.5224951709528927
0.5229682338880939
0.5015557867652514
0.5540212526378993
0.5152771123348454
0.5104990852224757
0.5369266615541795
0.5223500989011027
0.5212984316696554
0.5257943362837368
0.4676928740174993
0.42522644224589745
0.4869251340184714
0.47037159075457535
0.4311893119819678
0.3974186861936554
0.5479772443301304
0.451477050518048
0.5357266836029847
0.5448220373622457
0.539717121550251
0.5170547538020625
0.5247988500055262
0.45191364502079534
0.5061810705390584
0.5441539221958684
0.5516325784651717
0.42106672898193154
0.490550304678372
0.4552783140543253
0.532300556789709
0.4682253617185456
0.5086449580540091
0.5059198809076668
0.5689888344086947
0.5340517454031442
0.5441215388207628
0.5358686076799367
0.38466859991411195
0.48083998615227797
0.4512194952905843

Case #13: 
0.49968103194577773
0.47877190257591973
0.5242030474503342
0.5492986911740134
0.5315423074743462
0.40427681566519974
0.5460355221109703
0.49756761635565416
0.5237256587243785
0.5073281011548665
0.5493241465779731
0.5117474232350571
0.5092355962925201
0.48986622946430014
0.511097745480832
0.5327042603817861
0.46614287312753844
0.45243783267024146
0.5314047754561286
0.4895017121257781
0.37736029345663075
0.5394678590982345
0.4679506310784951
0.4456485336646956
0.5366439815507154
0.5425738179957329
0.4426121639777277
0.5048492458032849
0.5168834675470377
0.4152196474084576
0.5303008986238238
0.4978875262680743
0.4390805823890838
0.4223781970584461
0.43514219913993013
0.41117676878877285
0.5626905174611375
0.4848097919257733
0.5344514934983393
0.5082458105367275
0.517604853091714
0.5117062653342107
0.5595829036849078
0.46767840046657383
0.5468162117244525
0.5164356584396501
0.478785662211329
0.5188212449294243
0.5563458987219687
0.5413101645170788
0.46324062563821367
0.5487035150997623
0.4654073729356371
0.4782077107387846
0.4745756580147313
0.5511858326965678
0.5443782228444478
0.4881029220789721
0.4797796870059785
0.5189359839019779
0.5605798679321785
0.4095699313482414
0.5466880194890866
0.4931910449580174
0.5146303155172152
0.534930004611349
0.5325755198846835
0.5363243418685051
0.5033340646645419
0.4209306362554089
0.5036048546919928
0.484296615545407
0.5232537826559448
0.38940116232990446
0.562673225121375
0.42792758960819477
0.4550194624227296
0.5426774746584796
0.4426189444260583
0.4225815989300966
0.5623841517430662
0.5429561964044589
0.5100986253915112
0.5104160102742034
0.5328722108146032
0.5174489074750049
0.5142089237748231
0.5343880383840189
0.5063986683499775
0.5374491069504843
0.4584593151844763
0.5534228596839857
0.47098713266227654
0.5293919369232221
0.5419978394668514
0.5297806962747557
0.45782889190596304
0.5623344358177751
0.40635709651088464
0.48318274252612353

Case #14: 
0.5656221655328797
0.6131328856328856
0.3796615642065505
0.5431842694342695
0.6884710230245944
0.5258948860883385
0.4578557528780743
0.244202152014652
0.4893766534391534
0.30303792189952905
0.6303605224140938
0.5461061507936508
0.6584129164486308
0.5020249928229839
0.4535732273678702
0.5109767101284959
0.5637327660765161
0.5804406846873365
0.50228925010175
0.5598839231205303
0.41161541005291
0.6547085495522995
0.34121819400837256
0.4186162622100122
0.42511125283446716
0.5584360827664399
0.5316273838595267
0.5018739861329147
0.5636011904761905
0.5005208333333333
0.5826421957671958
0.5662426303854875
0.6066293234708413
0.6404636207046922
0.40235377575938797
0.5903423382173383
0.5133775037792895
0.5640109284454522
0.37372776033490324
0.4066447903947904
0.3764310720281703
0.5777711004273505
0.43091804029304026
0.5130020413614164
0.5140075113378685
0.5618303571428571
0.3760459183673469
0.5004990161128554
0.5100266458078959
0.4136252172572325
0.4169003739316239
0.5318829343016204
0.7133548207744637
0.4545821652836959
0.646038327991453
0.4845625109017966
0.5998380477547143
0.3166167800453515
0.6034764791142342
0.35814241562009413
0.4193987386621315
0.43843765141384183
0.5665902372853904
0.296398500639572
0.515888787138787
0.7225340136054421
0.4854993386243386
0.5118649976016046
0.5492542706778818
0.4613766347503593
0.5352098293020912
0.44613095238095235
0.514649953693321
0.651860260770975
0.5532268931878307
0.4628355300453515
0.44134066660852367
0.3300032814407815
0.44306827431827434
0.22792658730158732
0.4246923422146636
0.58584937714402
0.3281122682589519
0.3769457760210311
0.4425238095238096
0.4354027777777778
0.5103381169508401
0.377805759055759
0.6036607142857142
0.40008267195767194
0.48951792255363685
0.5683707063072142

Case #15: 
0.49592610505524704
0.524973369590602
0.48259334916015223
0.5355724282812928
0.5262571362913784
0.5110752946420658
0.5222018648575621
0.4537811206175564
0.5064752607241715
0.5062825454911798
0.43109942666403045
0.40261237274873973
0.5052267421533835
0.3992053536296055
0.5289999698097559
0.42905360335187215
0.5203691252046975
0.5127624788283139
0.44307424226970915
0.45772085119421857
0.5280710773933117
0.4909511338524806
0.49924350539970563
0.5539726802921794
0.5067604064087784
0.511973355463368
0.5791115578278982
0.5696397584297106
0.5205713631796643
0.49122810149086016
0.5372331261973464
0.4812177221739148
0.45720387695875164
0.5558562301539551
0.41428933267198087
0.5432724255985963
0.5294483949958273
0.5167251396730087

Case #16: 
0.5286695892472971
0.44107114094540006
0.5126986433191354
0.5020058032328429
0.604423494982415
0.4472865858885308
0.5406422696912411
0.5205086669974149
0.5213200514313978
0.49572729010083266
0.4780834849083926
0.49340301339690595
0.39992814743686
0.43420957043430386
0.5071692556811049
0.515419698368691
0.5232330154906615
0.5481167060505135
0.4419206823511915
0.456028575397984
0.5766341653920598
0.43228016350908294
0.37087143666232475
0.5603427437394494
0.43271174989156114
0.48107193109423485
0.5222335759343821
0.4768610371618684
0.47046391239093577
0.545499625674522
0.5490499688545967
0.5874063390577358
0.43825765632988833
0.5495978096961478
0.5058494632895979
0.4395671086070967
0.5447618994151814
0.5403932364525239
0.6002153497274094
0.5092837712918836
0.5910197344573123
0.5181375499284283
0.5334846228859633
0.5384137364269804
0.5980432480627073
0.4333350877310969
0.45779366437397556
0.459488093700046
0.4341759670284464
0.5703536752864513
0.4245283470280145
0.4458925771427161
0.6100514546679664
0.5429868520669722
0.5595039791998399
0.5636895058713908
0.4834489782043555
0.4892086016819577
0.4618540393827272
0.5896539031307133
0.49854875541194493
0.49842864373931023
0.6071962835011477
0.41527696897285293
0.38331335954544965
0.5193864754154304
0.5573898509842793
0.4011324722685159
0.5070570768236407
0.5549340267383833
0.5015203069355779
0.49057223242971293
0.46852158474125083
0.4443332946524851
0.5134789508745139
0.5468820453844353
0.5815052615965164
0.5386801253796708
0.38326838475860486
0.40168982360986516
0.5056862982455064

Case #17: 
0.6076388888888888
0.45312499999999994
0.5069444444444444
0.33805555555555555
0.71875
0.521875
0.5666666666666667
0.34041666666666665
0.4774305555555555
0.7326388888888888
0.3784722222222222
0.4958333333333333
0.4090277777777777
0.39504629629629623
0.4814814814814814
0.3833333333333333
0.5270370370370371
0.40017361111111105
0.5590277777777778
0.4708333333333333
0.4016666666666666
0.3657407407407407
0.5538194444444444
0.45920138888888884
0.3333333333333333
0.6168981481481481
0.08333333333333333
0.5208333333333333
0.3935185185185185
0.36805555555555547
0.5911458333333333
0.6007638888888889
0.3498263888888889
0.27604166666666663
0.4444444444444444
0.4375
0.7196180555555555
0.5208333333333333
0.421875
0.5763888888888888
0.5768518518518517
0.40625
0.43680555555555556
0.21979166666666666
0.6416666666666666
0.5475
0.3350694444444444
0.525
0.7621527777777778
0.3194444444444444
0.4583333333333333
0.70875
0.39583333333333326
0.6388888888888888
0.5
0.22916666666666666
0.2916666666666667
0.41666666666666663
0.5833333333333334
0.4375
0.5277777777777778
0.7805555555555556
0.2916666666666667
0.7125
0.7152777777777777
0.23666666666666664
0.5125
0.625
0.5034722222222222
0.578125
0.7656249999999999
0.4625
0.37916666666666665
0.7708333333333333
0.29125
0.5277777777777778
0.4236111111111111
0.5763888888888888
0.6770833333333333
0.29444444444444445
0.3003472222222222
0.6041666666666666
0.24999999999999997
0.7118055555555556
0.84375
0.5
0.6041666666666666
0.44791666666666663
0.7708333333333333
0.5451388888888888
0.5145833333333334
0.35416666666666663
0.2864583333333333
0.5069444444444444
0.5423611111111111
0.3055555555555555
0.9083333333333332
0.7291666666666665
0.6152777777777777
0.35083333333333333

Case #18: 
0.5487351643978575
0.5518348643220851
0.5146736167417916
0.43715356012857726
0.5421482317449869
0.4805083853031913
0.5616064364477564
0.4820752787219295
0.5072636451959575
0.5278385276515406
0.5269991442163775
0.5449728099765866
0.5346344634442555
0.47605290980241227
0.4542715472773292
0.45153822331018156
0.40765181980003073
0.4726893794848357
0.516588326480941
0.5190234996915226
0.42768706518967564
0.4476879103159058
0.549834538361797
0.4763103374882986
0.45996383472784974
0.5260818247170961
0.539644033096051
0.4825021645990293
0.527373667216881
0.4550655661152524
0.5174009264815622
0.536098765204671
0.4246126478402021
0.4922909020454612
0.5524756583034649
0.5282854000488431
0.5106224138583603
0.39924642972299323
0.558145496542386
0.5350917555134903
0.48539168722854464
0.41976166009526855
0.5034421676927114
0.5604385573569859
0.4438497940913402
0.49986249586881976
0.541709803895192
0.5615559178938602
0.5027641207558287
0.5021679865517179
0.4955100144626913
0.5751945051048705
0.38321880043118056
0.547989553817937
0.4446515055592593
0.5313144714869421
0.448682739036712
0.445990906688693
0.5486097801007681
0.5191674812403666
0.47657743600715735
0.5497006349483834
0.5431125190833157
0.5285494250323081
0.4826933610565741
0.4702694547623546
0.48636600466867547
0.4555766968580338
0.5570569915690269

Case #19: 
0.46085858585858597
0.5214646464646466
0.4684343434343436
0.5239898989898991
0.4861111111111112
0.45075757575757586
0.41035353535353536
0.38510101010101017
0.5290404040404042
0.5542929292929294
0.5340909090909092
0.6047979797979799
0.44570707070707083
0.566919191919192
0.5416666666666667
0.422979797979798
0.518939393939394
0.5265151515151516
0.45580808080808094
0.5845959595959597
0.37500000000000006
0.6148989898989898
0.5921717171717172
0.43813131313131326
0.3876262626262627
0.5492424242424243
0.5517676767676769
0.5467171717171718
0.5037878787878789
0.4734848484848487
0.5896464646464648
0.48106060606060624
0.5012626262626264
0.3775252525252526
0.43055555555555564
0.47095959595959613
0.3952020202020203
0.4356060606060606
0.4583333333333335
0.6174242424242424
0.4633838383838385
0.49873737373737387
0.4154040404040404
0.4482323232323233
0.40025252525252525
0.5997474747474748
0.4280303030303031
0.5366161616161618
0.4532828282828284
0.5972222222222223
0.5164141414141415
0.5744949494949495
0.5441919191919193
0.5694444444444445
0.4911616161616163
0.48863636363636376
0.4053030303030303
0.3800505050505051
0.6123737373737373
0.5113636363636365
0.4785353535353537
0.44065656565656575
0.5871212121212122
0.41792929292929293
0.6199494949494949
0.508838383838384
0.6022727272727273
0.5593434343434345
0.4760101010101011
0.43308080808080807
0.3901515151515152
0.4962121212121213
0.5315656565656567
0.4255050505050505
0.5568181818181819
0.42045454545454547
0.571969696969697
0.5138888888888891
0.4027777777777778
0.4078282828282828
0.6073232323232323
0.41287878787878796
0.561868686868687
0.5946969696969697
0.5391414141414143
0.4431818181818183
0.5643939393939396
0.5795454545454546
0.3977272727272727
0.46590909090909105
0.6224747474747474
0.3825757575757577
0.625
0.5063131313131315
0.5820707070707071
0.39267676767676774
0.49368686868686884
0.4835858585858587
0.6098484848484849
0.577020202020202

Case #20: 
0.5
0.5
0.49999999999999994
0.49999999999999994
0.49999999999999994
0.49999999999999994
0.5
0.49999999999999994
0.49999999999999994
0.5
0.49999999999999994
0.5
0.49999999999999994
0.5
0.49999999999999994
0.49999999999999994
0.49999999999999994
0.49999999999999994
0.49999999999999994
0.49999999999999994
0.49999999999999994
0.49999999999999994
0.49999999999999994
0.49999999999999994
0.49999999999999994
0.49999999999999994
0.49999999999999994
0.49999999999999994
0.49999999999999994
0.49999999999999994
0.49999999999999994
0.49999999999999994
0.49999999999999994
0.5
0.49999999999999994
0.49999999999999994
0.5
0.49999999999999994
0.49999999999999994
0.5
0.49999999999999994
0.49999999999999994
0.49999999999999994
0.49999999999999994
0.5
0.49999999999999994
0.49999999999999994
0.49999999999999994
0.49999999999999994
0.49999999999999994
0.49999999999999994
0.49999999999999994
0.5
0.49999999999999994
0.49999999999999994
0.49999999999999994
0.49999999999999994
0.49999999999999994
0.49999999999999994
0.49999999999999994
0.49999999999999994
0.49999999999999994
0.49999999999999994
0.49999999999999994
0.49999999999999994
0.49999999999999994
0.49999999999999994
0.49999999999999994
0.5
0.49999999999999994
0.49999999999999994
0.49999999999999994
0.49999999999999994
0.49999999999999994
0.49999999999999994
0.49999999999999994
0.49999999999999994
0.49999999999999994
0.49999999999999994
0.49999999999999994
0.5
0.5
0.49999999999999994
0.49999999999999994
0.49999999999999994
0.49999999999999994
0.49999999999999994
0.5
0.49999999999999994
0.49999999999999994
0.49999999999999994
0.49999999999999994
0.49999999999999994
0.49999999999999994
0.49999999999999994
0.5
0.49999999999999994
0.49999999999999994
0.5

