Case #1: 
0.5
0.5
0.5

Case #2: 
0.6458333333333333
0.3680555555555555
0.6041666666666666
0.3958333333333333

Case #3: 
0.3958333333333333
0.6463541666666666
0.7890625
0.4809895833333333
0.4809895833333333
0.40104166666666663
0.6326388888888889
0.5416666666666666
0.22986111111111107
0.4895833333333333

Case #4: 
0.5138888888888888
0.4861111111111111
0.625
0.375
0.5694444444444444
0.4027777777777778
0.4583333333333333
0.4305555555555556
0.5416666666666666
0.5972222222222222

Case #5: 
0.6579861111111112
0.45486111111111105
0.359375
0.5677083333333333
0.7065972222222222
0.24537037037037035

Case #6: 
0.5055555555555555
0.42447916666666663
0.5301215277777778
0.4472222222222222
0.5677083333333333
0.5244791666666666
0.43984375
0.596875

Case #7: 
0.49999999999999994
0.49999999999999994
0.49999999999999994
0.49999999999999994
0.5
0.5
0.49999999999999994
0.49999999999999994
0.49999999999999994

Case #8: 
0.475
0.525
0.40625
0.525
0.475
0.59375

Case #9: 
0.551430077239229
0.5432089204729511
0.4513757288629737
0.47599029195011333
0.5625730761054422
0.5705448250728862
0.46736937830687825
0.42687547241118673
0.5083768626498217
0.4387704486556527

Case #10: 
0.4583333333333333
0.5833333333333333
0.4166666666666667
0.5833333333333333
0.5
0.5
0.4583333333333333

Case #11: 
0.5451388888888888
0.5541666666666667
0.6375
0.16145833333333331
0.48697916666666663
0.40208333333333335
0.5951388888888889
0.32395833333333335
0.4140625
0.7513888888888889

Case #12: 
0.5
0.5
0.5

Case #13: 
0.5113888888888889
0.5482638888888889
0.4459259259259259
0.34081018518518513
0.5150694444444444
0.6506597222222222
0.47227430555555555

Case #14: 
0.45062500000000005
0.5872395833333334
0.5381250000000001
0.42500000000000004
0.4786458333333333
0.5755208333333334
0.473125

Case #15: 
0.0
0.1875
0.25
0.5
0.75
0.8125
1.0

Case #16: 
0.4791666666666666
0.4791666666666666
0.6267361111111112
0.5642361111111112
0.34027777777777773

Case #17: 
0.6805555555555555
0.6666666666666666
0.3333333333333333
0.3194444444444444
0.5

Case #18: 
0.625
0.5972222222222222
0.5694444444444444
0.5416666666666666
0.5138888888888888
0.4861111111111111
0.4583333333333333
0.4305555555555556
0.4027777777777778
0.375

Case #19: 
0.375
0.546875
0.5572916666666666
0.6354166666666666
0.5494791666666667
0.32291666666666663
0.6510416666666666
0.22916666666666663

Case #20: 
0.4583333333333333
0.25
0.5416666666666666
0.75

