bwjijibwjibwjp
gtkclmqgcaqgcagtqgcagtqgcagtqgcariwehfwehfri
csmzjcxepgptfdcnkrncvvkcoumewvpvaxbyqoexwujwp
duzklvrawqrc
aimallazucdmabatgbteluunoiqrvpcrxrghsywwnthqxgkgwoqg
ehhsmhhsmhehiihsmhxgxgehxgixnfc
bbioeebjaksdzsjzmvvyxzkmqqarhubnqtaadxgvwdbfqznzgdvxolmt
afpjkzrdcglvqsidbporthqcrqtrrmfprtrarmefmfxcykyyxlruwr
blplpbndtcndtclprwwwwwwbwwwr
ahkjjegzinwjuhtawmihwnnozzwtfsjtvnwtp
cfsjoijoicfsnzndnzndjoinzndjoijoinzndjoijoissrexul
qfyuufmufmuufmuqfyuqfyvmcvmcuz
axcycyaxminpminpaxszitzitaxzitaxminp
iwkflklkiwkfmmlkvvlkvmxmnz
aaqzeebdhdfeaxkxpkwnjxqbnhnxpcusuxnnrzkov
bjnnuknqsfsrdgmgxflnkfrcuhjhpahilrvncvkvssdsouydwjmeagyob
fujvkgukjmokvzmzrodprjojpzbsroschpxugnefwlwpobp
fbjbkcbtqmyrzwdyhvpojiirespzdfuxfhrqtdkoukbomypkffomylzbwqkbuu
bgorlllxorbkkupvnqreogzpbegsripeqmnyohtkczlqafvkzzfgtobzxfqmteh
aedzhujjcekgpmbjektqimdtwopkayncoklkcyyfqebh
