Case #1: 
Impossible
Case #2: 
.
Case #3: 
./\..
.\//\
./\\/
.\/..
Case #4: 
/\./\.
\/.\/.
../\/\
/\\/\/
\/../\
....\/
Case #5: 
Impossible
Case #6: 
Impossible
Case #7: 
/\/\
\/\/
....
Case #8: 
/\...
\/./\
...\/
./\/\
.\/\/
Case #9: 
../\.
/\\/.
\/...
/\./\
\/.\/
.....
Case #10: 
Impossible
Case #11: 
/\/\/\
\/\/\/
/\/\/\
\/\/\/
/\/\/\
\/\/\/
Case #12: 
/\/\/\
\/\/\/
.../\.
./\\/.
.\/./\
....\/
Case #13: 
Impossible
Case #14: 
Impossible
Case #15: 
/\/\/\
\/\/\/
/\/\..
\/\/..
......
Case #16: 
/\..
\/..
../\
..\/
Case #17: 
Impossible
Case #18: 
/\/\
\/\/
/\/\
\/\/
Case #19: 
Impossible
Case #20: 
Impossible
